

***********************************************************************
Fatal NI connect error 12514, connecting to:
 (DESCRIPTION=(CONNECT_DATA=(SERVICE_NAME=ppeora)(CID=(PROGRAM=D:\GitHubDesktop\PPE_GSB_VB_ORACLE\PPE3_WinForm\PPE3_WinForm\PPE3_WinForm\bin\Debug\PPE3_WinForm.vshost.exe)(HOST=LAPTOP-P5DKAQ69)(USER=antoi)))(ADDRESS=(PROTOCOL=TCP)(HOST=172.20.10.11)(PORT=1521)))

  VERSION INFORMATION:
	TNS for 32-bit Windows: Version 10.2.0.5.0 - Production
	Windows NT TCP/IP NT Protocol Adapter for 32-bit Windows: Version 10.2.0.5.0 - Production
  Time: 04-DEC-2020 09:39:41
  Tracing not turned on.
  Tns error struct:
    ns main err code: 12564
    TNS-12564: Message 12564 not found; No message file for product=NETWORK, facility=TNS
    ns secondary err code: 0
    nt main err code: 0
    nt secondary err code: 0
    nt OS err code: 0


***********************************************************************
Fatal NI connect error 12514, connecting to:
 (DESCRIPTION=(CONNECT_DATA=(SERVICE_NAME=ppeora)(CID=(PROGRAM=D:\GitHubDesktop\PPE_GSB_VB_ORACLE\PPE3_WinForm\PPE3_WinForm\PPE3_WinForm\bin\Debug\PPE3_WinForm.vshost.exe)(HOST=LAPTOP-P5DKAQ69)(USER=antoi)))(ADDRESS=(PROTOCOL=TCP)(HOST=172.20.10.11)(PORT=1521)))

  VERSION INFORMATION:
	TNS for 32-bit Windows: Version 10.2.0.5.0 - Production
	Windows NT TCP/IP NT Protocol Adapter for 32-bit Windows: Version 10.2.0.5.0 - Production
  Time: 04-DEC-2020 09:40:26
  Tracing not turned on.
  Tns error struct:
    ns main err code: 12564
    TNS-12564: Message 12564 not found; No message file for product=NETWORK, facility=TNS
    ns secondary err code: 0
    nt main err code: 0
    nt secondary err code: 0
    nt OS err code: 0


***********************************************************************
Fatal NI connect error 12514, connecting to:
 (DESCRIPTION=(CONNECT_DATA=(SERVICE_NAME=ppeora)(CID=(PROGRAM=D:\GitHubDesktop\PPE_GSB_VB_ORACLE\PPE3_WinForm\PPE3_WinForm\PPE3_WinForm\bin\Debug\PPE3_WinForm.vshost.exe)(HOST=LAPTOP-P5DKAQ69)(USER=antoi)))(ADDRESS=(PROTOCOL=TCP)(HOST=172.20.10.11)(PORT=1521)))

  VERSION INFORMATION:
	TNS for 32-bit Windows: Version 10.2.0.5.0 - Production
	Windows NT TCP/IP NT Protocol Adapter for 32-bit Windows: Version 10.2.0.5.0 - Production
  Time: 04-DEC-2020 09:41:22
  Tracing not turned on.
  Tns error struct:
    ns main err code: 12564
    TNS-12564: Message 12564 not found; No message file for product=NETWORK, facility=TNS
    ns secondary err code: 0
    nt main err code: 0
    nt secondary err code: 0
    nt OS err code: 0


***********************************************************************
Fatal NI connect error 12514, connecting to:
 (DESCRIPTION=(CONNECT_DATA=(SERVICE_NAME=ppeora)(CID=(PROGRAM=D:\GitHubDesktop\PPE_GSB_VB_ORACLE\PPE3_WinForm\PPE3_WinForm\PPE3_WinForm\bin\Debug\PPE3_WinForm.vshost.exe)(HOST=LAPTOP-P5DKAQ69)(USER=antoi)))(ADDRESS=(PROTOCOL=TCP)(HOST=172.20.10.11)(PORT=1521)))

  VERSION INFORMATION:
	TNS for 32-bit Windows: Version 10.2.0.5.0 - Production
	Windows NT TCP/IP NT Protocol Adapter for 32-bit Windows: Version 10.2.0.5.0 - Production
  Time: 04-DEC-2020 09:50:03
  Tracing not turned on.
  Tns error struct:
    ns main err code: 12564
    TNS-12564: Message 12564 not found; No message file for product=NETWORK, facility=TNS
    ns secondary err code: 0
    nt main err code: 0
    nt secondary err code: 0
    nt OS err code: 0


***********************************************************************
Fatal NI connect error 12514, connecting to:
 (DESCRIPTION=(CONNECT_DATA=(SERVICE_NAME=ppeora)(CID=(PROGRAM=D:\GitHubDesktop\PPE_GSB_VB_ORACLE\PPE3_WinForm\PPE3_WinForm\PPE3_WinForm\bin\Debug\PPE3_WinForm.vshost.exe)(HOST=LAPTOP-P5DKAQ69)(USER=antoi)))(ADDRESS=(PROTOCOL=TCP)(HOST=172.20.10.11)(PORT=1521)))

  VERSION INFORMATION:
	TNS for 32-bit Windows: Version 10.2.0.5.0 - Production
	Windows NT TCP/IP NT Protocol Adapter for 32-bit Windows: Version 10.2.0.5.0 - Production
  Time: 04-DEC-2020 09:51:14
  Tracing not turned on.
  Tns error struct:
    ns main err code: 12564
    TNS-12564: Message 12564 not found; No message file for product=NETWORK, facility=TNS
    ns secondary err code: 0
    nt main err code: 0
    nt secondary err code: 0
    nt OS err code: 0


***********************************************************************
Fatal NI connect error 12514, connecting to:
 (DESCRIPTION=(CONNECT_DATA=(SERVICE_NAME=ppeora)(CID=(PROGRAM=D:\GitHubDesktop\PPE_GSB_VB_ORACLE\PPE3_WinForm\PPE3_WinForm\PPE3_WinForm\bin\Debug\PPE3_WinForm.vshost.exe)(HOST=LAPTOP-P5DKAQ69)(USER=antoi)))(ADDRESS=(PROTOCOL=TCP)(HOST=172.20.10.11)(PORT=1521)))

  VERSION INFORMATION:
	TNS for 32-bit Windows: Version 10.2.0.5.0 - Production
	Windows NT TCP/IP NT Protocol Adapter for 32-bit Windows: Version 10.2.0.5.0 - Production
  Time: 04-DEC-2020 09:51:52
  Tracing not turned on.
  Tns error struct:
    ns main err code: 12564
    TNS-12564: Message 12564 not found; No message file for product=NETWORK, facility=TNS
    ns secondary err code: 0
    nt main err code: 0
    nt secondary err code: 0
    nt OS err code: 0


***********************************************************************
Fatal NI connect error 12514, connecting to:
 (DESCRIPTION=(CONNECT_DATA=(SERVICE_NAME=ppeora)(CID=(PROGRAM=D:\GitHubDesktop\PPE_GSB_VB_ORACLE\PPE3_WinForm\PPE3_WinForm\PPE3_WinForm\bin\Debug\PPE3_WinForm.vshost.exe)(HOST=LAPTOP-P5DKAQ69)(USER=antoi)))(ADDRESS=(PROTOCOL=TCP)(HOST=172.20.10.11)(PORT=1521)))

  VERSION INFORMATION:
	TNS for 32-bit Windows: Version 10.2.0.5.0 - Production
	Windows NT TCP/IP NT Protocol Adapter for 32-bit Windows: Version 10.2.0.5.0 - Production
  Time: 04-DEC-2020 09:52:17
  Tracing not turned on.
  Tns error struct:
    ns main err code: 12564
    TNS-12564: Message 12564 not found; No message file for product=NETWORK, facility=TNS
    ns secondary err code: 0
    nt main err code: 0
    nt secondary err code: 0
    nt OS err code: 0


***********************************************************************
Fatal NI connect error 12560, connecting to:
 (DESCRIPTION=(CONNECT_DATA=(SERVICE_NAME=ppeora)(CID=(PROGRAM=D:\GitHubDesktop\PPE_GSB_VB_ORACLE\PPE3_WinForm\PPE3_WinForm\PPE3_WinForm\bin\Debug\PPE3_WinForm.vshost.exe)(HOST=LAPTOP-P5DKAQ69)(USER=antoi)))(ADDRESS=(PROTOCOL=TCP)(HOST=172.20.10.11)(PORT=1521)))

  VERSION INFORMATION:
	TNS for 32-bit Windows: Version 10.2.0.5.0 - Production
	Windows NT TCP/IP NT Protocol Adapter for 32-bit Windows: Version 10.2.0.5.0 - Production
  Time: 04-DEC-2020 10:42:29
  Tracing not turned on.
  Tns error struct:
    ns main err code: 12560
    TNS-12560: Message 12560 not found; No message file for product=NETWORK, facility=TNS
    ns secondary err code: 0
    nt main err code: 530
    TNS-00530: Message 530 not found; No message file for product=NETWORK, facility=TNS
    nt secondary err code: 53
    nt OS err code: 0


***********************************************************************
Fatal NI connect error 12170.

  VERSION INFORMATION:
	TNS for 32-bit Windows: Version 10.2.0.5.0 - Production
	Windows NT TCP/IP NT Protocol Adapter for 32-bit Windows: Version 10.2.0.5.0 - Production
  Time: 11-DEC-2020 10:51:17
  Tracing not turned on.
  Tns error struct:
    ns main err code: 12535
    TNS-12535: Message 12535 not found; No message file for product=NETWORK, facility=TNS
    ns secondary err code: 12560
    nt main err code: 505
    TNS-00505: Message 505 not found; No message file for product=NETWORK, facility=TNS
    nt secondary err code: 60
    nt OS err code: 0
  Client address: <unknown>


***********************************************************************
Fatal NI connect error 12170.

  VERSION INFORMATION:
	TNS for 32-bit Windows: Version 10.2.0.5.0 - Production
	Windows NT TCP/IP NT Protocol Adapter for 32-bit Windows: Version 10.2.0.5.0 - Production
  Time: 11-DEC-2020 10:53:05
  Tracing not turned on.
  Tns error struct:
    ns main err code: 12535
    TNS-12535: Message 12535 not found; No message file for product=NETWORK, facility=TNS
    ns secondary err code: 12560
    nt main err code: 505
    TNS-00505: Message 505 not found; No message file for product=NETWORK, facility=TNS
    nt secondary err code: 60
    nt OS err code: 0
  Client address: <unknown>
